<?xml version="1.0" encoding="UTF-8"?>
<testsuite xmlns:xsi="http://www.w3.org/2001/XMLSchema-instance" xsi:noNamespaceSchemaLocation="https://maven.apache.org/surefire/maven-surefire-plugin/xsd/surefire-test-report.xsd" name="org.example.AppTest" time="91.592" tests="4" errors="0" skipped="0" failures="0">
  <properties>
[...]
</properties>
  <testcase name="shouldSearchTickets" classname="org.example.AppTest" time="37.543"/>
  <testcase name="shouldRedirectToMainPageOnLogo" classname="org.example.AppTest" time="20.233"/>
  <testcase name="shouldRedirectToAppStore" classname="org.example.AppTest" time="18.957"/>
  <testcase name="shouldChangeLanguage" classname="org.example.AppTest" time="13.154"/>
</testsuite>